<?xml version="1.0" encoding="UTF-8"?>
<!-- Generated by org.testng.reporters.JUnitReportReporter -->
<testsuite hostname="Sudips-MacBook-Air.local" failures="0" tests="3" name="TestLayer.TestLayer.SendRequest" time="0.020" errors="0" timestamp="2026-07-04T22:04:03 IST" skipped="0">
  <testcase classname="TestLayer.TestLayer.SendRequest" name="approvalRequestUL" time="0.014"/>
  <testcase classname="TestLayer.TestLayer.SendRequest" name="generalRequest" time="0.002"/>
  <testcase classname="TestLayer.TestLayer.SendRequest" name="sendRequest" time="0.004"/>
</testsuite> <!-- TestLayer.TestLayer.SendRequest -->
