<?xml version="1.0" encoding="UTF-8"?>
<testng-results ignored="0" total="3" passed="3" failed="0" skipped="0">
  <reporter-output>
  </reporter-output>
  <suite started-at="2026-07-04T22:04:03 IST" name="Default suite" finished-at="2026-07-04T22:04:03 IST" duration-ms="74">
    <groups>
    </groups>
    <test started-at="2026-07-04T22:04:03 IST" name="Default test" finished-at="2026-07-04T22:04:03 IST" duration-ms="74">
      <class name="TestLayer.TestLayer.SendRequest">
        <test-method signature="approvalRequestUL()[pri:0, instance:TestLayer.TestLayer.SendRequest@8dbdac1]" started-at="2026-07-04T22:04:03 IST" name="approvalRequestUL" finished-at="2026-07-04T22:04:03 IST" duration-ms="14" status="PASS">
          <reporter-output>
          </reporter-output>
        </test-method> <!-- approvalRequestUL -->
        <test-method signature="generalRequest()[pri:0, instance:TestLayer.TestLayer.SendRequest@8dbdac1]" started-at="2026-07-04T22:04:03 IST" name="generalRequest" finished-at="2026-07-04T22:04:03 IST" duration-ms="2" status="PASS">
          <reporter-output>
          </reporter-output>
        </test-method> <!-- generalRequest -->
        <test-method signature="sendRequest()[pri:0, instance:TestLayer.TestLayer.SendRequest@8dbdac1]" started-at="2026-07-04T22:04:03 IST" name="sendRequest" finished-at="2026-07-04T22:04:03 IST" duration-ms="4" status="PASS">
          <reporter-output>
          </reporter-output>
        </test-method> <!-- sendRequest -->
      </class> <!-- TestLayer.TestLayer.SendRequest -->
    </test> <!-- Default test -->
  </suite> <!-- Default suite -->
</testng-results>
